Arguments: 
  /Users/mohexc/.nvm/versions/node/v10.22.1/bin/node /usr/local/Cellar/yarn/1.22.5/libexec/bin/yarn.js init

PATH: 
  /Users/mohexc/Library/Android/sdk/platform-tools:/Users/mohexc/.nvm/versions/node/v10.22.1/bin:/Users/mohexc/Library/Android/sdk/platform-tools:/usr/local/bin:/usr/bin:/bin:/usr/sbin:/sbin:/Library/Apple/usr/bin:/Users/mohexc/Library/Android/sdk/platform-tools:/Users/mohexc/.nvm/versions/node/v10.22.1/bin

Yarn version: 
  1.22.5

Node version: 
  10.22.1

Platform: 
  darwin x64

Trace: 
  Error: canceled
      at Interface.<anonymous> (/usr/local/Cellar/yarn/1.22.5/libexec/lib/cli.js:137009:13)
      at Interface.emit (events.js:198:13)
      at Interface._ttyWrite (readline.js:801:16)
      at ReadStream.onkeypress (readline.js:184:10)
      at ReadStream.emit (events.js:198:13)
      at emitKeys (internal/readline.js:424:14)
      at emitKeys.next (<anonymous>)
      at ReadStream.onData (readline.js:1073:36)
      at ReadStream.emit (events.js:198:13)
      at addChunk (_stream_readable.js:288:12)

npm manifest: 
  No manifest

yarn manifest: 
  No manifest

Lockfile: 
  No lockfile
